<?xml version="1.0" encoding="UTF-8"?>
<testng-results ignored="0" total="1" passed="1" failed="0" skipped="0">
  <reporter-output>
  </reporter-output>
  <suite started-at="2025-11-02T23:00:06 IST" name="Default Suite" finished-at="2025-11-02T23:00:06 IST" duration-ms="103">
    <groups>
    </groups>
    <test started-at="2025-11-02T23:00:06 IST" name="HRBlizz" finished-at="2025-11-02T23:00:06 IST" duration-ms="103">
      <class name="com.hrblizz.qa.pages.EmployeeCalendarPage">
        <test-method signature="display()[pri:0, instance:com.hrblizz.qa.pages.EmployeeCalendarPage@3bb9a3ff]" started-at="2025-11-02T23:00:06 IST" name="display" finished-at="2025-11-02T23:00:06 IST" duration-ms="13" status="PASS">
          <reporter-output>
          </reporter-output>
        </test-method> <!-- display -->
      </class> <!-- com.hrblizz.qa.pages.EmployeeCalendarPage -->
    </test> <!-- HRBlizz -->
  </suite> <!-- Default Suite -->
</testng-results>
